<?xml version="1.0" encoding="UTF-8"?>
<testsuite name="com.datamatcher.server.ServerApplicationTests" tests="1" skipped="0" failures="0" errors="0" timestamp="2024-03-05T22:14:18" hostname="m-dmitryp-ZKBJ" time="0.741">
  <properties/>
  <testcase name="contextLoads()" classname="com.datamatcher.server.ServerApplicationTests" time="0.741"/>
  <system-out><![CDATA[01:14:16.509 [Test worker] INFO org.springframework.test.context.support.AnnotationConfigContextLoaderUtils -- Could not detect default configuration classes for test class [com.datamatcher.server.ServerApplicationTests]: ServerApplicationTests does not declare any static, non-private, non-final, nested classes annotated with @Configuration.
01:14:16.594 [Test worker] INFO org.springframework.boot.test.context.SpringBootTestContextBootstrapper -- Found @SpringBootConfiguration com.datamatcher.server.ServerApplication for test class com.datamatcher.server.ServerApplicationTests

  .   ____          _            __ _ _
 /\\ / ___'_ __ _ _(_)_ __  __ _ \ \ \ \
( ( )\___ | '_ | '_| | '_ \/ _` | \ \ \ \
 \\/  ___)| |_)| | | | | || (_| |  ) ) ) )
  '  |____| .__|_| |_|_| |_\__, | / / / /
 =========|_|==============|___/=/_/_/_/
 :: Spring Boot ::                (v3.2.2)

2024-03-06T01:14:16.866+03:00  INFO 42816 --- [    Test worker] c.d.server.ServerApplicationTests        : Starting ServerApplicationTests using Java 21 with PID 42816 (started by dmitry.paradny in /Users/dmitry.paradny/Desktop/ItayBullShit)
2024-03-06T01:14:16.867+03:00  INFO 42816 --- [    Test worker] c.d.server.ServerApplicationTests        : No active profile set, falling back to 1 default profile: "default"
2024-03-06T01:14:18.391+03:00  INFO 42816 --- [    Test worker] o.s.b.a.w.s.WelcomePageHandlerMapping    : Adding welcome page: class path resource [static/index.html]
2024-03-06T01:14:18.704+03:00  INFO 42816 --- [    Test worker] o.neo4j.driver.internal.DriverFactory    : Direct driver instance 586722754 created for server address localhost:7687
2024-03-06T01:14:18.741+03:00  INFO 42816 --- [    Test worker] c.d.server.ServerApplicationTests        : Started ServerApplicationTests in 2.039 seconds (process running for 2.926)
]]></system-out>
  <system-err><![CDATA[WARNING: A Java agent has been loaded dynamically (/Users/dmitry.paradny/.gradle/caches/modules-2/files-2.1/net.bytebuddy/byte-buddy-agent/1.14.11/f9cb566608fbac6bc7bf54901a7aa11543a989ee/byte-buddy-agent-1.14.11.jar)
WARNING: If a serviceability tool is in use, please run with -XX:+EnableDynamicAgentLoading to hide this warning
WARNING: If a serviceability tool is not in use, please run with -Djdk.instrument.traceUsage for more information
WARNING: Dynamic loading of agents will be disallowed by default in a future release
]]></system-err>
</testsuite>
