<?xml version="1.0" encoding="UTF-8"?>
<testsuite name="com.datamatcher.server.ServerApplicationTests" tests="1" skipped="0" failures="0" errors="0" timestamp="2024-03-22T21:10:45" hostname="m-dmitryp-ZKBJ" time="0.708">
  <properties/>
  <testcase name="contextLoads()" classname="com.datamatcher.server.ServerApplicationTests" time="0.708"/>
  <system-out><![CDATA[00:10:42.805 [Test worker] INFO org.springframework.test.context.support.AnnotationConfigContextLoaderUtils -- Could not detect default configuration classes for test class [com.datamatcher.server.ServerApplicationTests]: ServerApplicationTests does not declare any static, non-private, non-final, nested classes annotated with @Configuration.
00:10:42.915 [Test worker] INFO org.springframework.boot.test.context.SpringBootTestContextBootstrapper -- Found @SpringBootConfiguration com.datamatcher.server.ServerApplication for test class com.datamatcher.server.ServerApplicationTests

  .   ____          _            __ _ _
 /\\ / ___'_ __ _ _(_)_ __  __ _ \ \ \ \
( ( )\___ | '_ | '_| | '_ \/ _` | \ \ \ \
 \\/  ___)| |_)| | | | | || (_| |  ) ) ) )
  '  |____| .__|_| |_|_| |_\__, | / / / /
 =========|_|==============|___/=/_/_/_/
 :: Spring Boot ::                (v3.2.2)

2024-03-23T00:10:43.241+03:00  INFO 82500 --- [    Test worker] c.d.server.ServerApplicationTests        : Starting ServerApplicationTests using Java 21 with PID 82500 (started by dmitry.paradny in /Users/dmitry.paradny/Desktop/ItayBullShit)
2024-03-23T00:10:43.242+03:00  INFO 82500 --- [    Test worker] c.d.server.ServerApplicationTests        : No active profile set, falling back to 1 default profile: "default"
2024-03-23T00:10:44.794+03:00  INFO 82500 --- [    Test worker] o.s.b.a.w.s.WelcomePageHandlerMapping    : Adding welcome page: class path resource [static/index.html]
2024-03-23T00:10:45.107+03:00  INFO 82500 --- [    Test worker] o.neo4j.driver.internal.DriverFactory    : Direct driver instance 1980698753 created for server address localhost:7687
2024-03-23T00:10:45.147+03:00  INFO 82500 --- [    Test worker] c.d.server.ServerApplicationTests        : Started ServerApplicationTests in 2.08 seconds (process running for 3.196)
]]></system-out>
  <system-err><![CDATA[WARNING: A Java agent has been loaded dynamically (/Users/dmitry.paradny/.gradle/caches/modules-2/files-2.1/net.bytebuddy/byte-buddy-agent/1.14.11/f9cb566608fbac6bc7bf54901a7aa11543a989ee/byte-buddy-agent-1.14.11.jar)
WARNING: If a serviceability tool is in use, please run with -XX:+EnableDynamicAgentLoading to hide this warning
WARNING: If a serviceability tool is not in use, please run with -Djdk.instrument.traceUsage for more information
WARNING: Dynamic loading of agents will be disallowed by default in a future release
]]></system-err>
</testsuite>
